/*C92*/SET SCHEMA PUBLIC
DISCONNECT
/*C93*/SET SCHEMA PUBLIC
DISCONNECT
/*C94*/SET SCHEMA PUBLIC
DISCONNECT
/*C95*/SET SCHEMA PUBLIC
DISCONNECT
/*C96*/SET SCHEMA PUBLIC
DISCONNECT
/*C97*/SET SCHEMA PUBLIC
DISCONNECT
/*C99*/SET SCHEMA PUBLIC
DISCONNECT
/*C98*/SET SCHEMA PUBLIC
DISCONNECT
/*C100*/SET SCHEMA PUBLIC
DISCONNECT
/*C101*/SET SCHEMA PUBLIC
DISCONNECT
/*C103*/SET SCHEMA PUBLIC
DISCONNECT
/*C102*/SET SCHEMA PUBLIC
DISCONNECT
/*C104*/SET SCHEMA PUBLIC
alter table SEC_USER add column REQUEST_ID varchar(36) 
INSERT INTO SYS_DB_CHANGELOG VALUES('50-office/update/hsql/17/171206-2-updateSecUser.sql','2017-12-06 16:14:08.423000',0)
COMMIT
alter table SEC_USER add constraint FK_SEC_USER_REQUEST foreign key (REQUEST_ID) references OFFICE_REQUEST(ID)
INSERT INTO SYS_DB_CHANGELOG VALUES('50-office/update/hsql/17/171206-2-updateSecUser01.sql','2017-12-06 16:14:08.426000',0)
COMMIT
DISCONNECT
/*C105*/SET SCHEMA PUBLIC
DISCONNECT
/*C106*/SET SCHEMA PUBLIC
INSERT INTO SEC_SCREEN_HISTORY VALUES('3aaa9691-f430-b13b-93f9-8cd591e4fe73','2017-12-06 16:15:02.966000','admin','60885987-1b61-4247-94c7-dff348347f93','Screen','http://localhost:8080/app/open?screen=sec$User.edit&item=office$ExtUser-53f7c042-3454-ec66-f3f5-8482ccf79552&params=item:office$ExtUser-53f7c042-3454-ec66-f3f5-8482ccf79552','53f7c042-3454-ec66-f3f5-8482ccf79552',NULL)
COMMIT
DELETE FROM SYS_SERVER WHERE ID='dc78cb11-2539-7525-ba78-d5b17b471bcf'
INSERT INTO SYS_SERVER VALUES('dc78cb11-2539-7525-ba78-d5b17b471bcf','2017-12-06 10:46:35.666000',NULL,'2017-12-06 16:15:03.282000',NULL,'localhost:8080/app-core',TRUE,NULL)
COMMIT
INSERT INTO SEC_SCREEN_HISTORY VALUES('b253da29-f2a3-0a36-4db1-4602a67eb167','2017-12-06 16:15:07.446000','admin','60885987-1b61-4247-94c7-dff348347f93','Screen','http://localhost:8080/app/open?screen=sec$User.edit&item=office$ExtUser-b56a427e-c251-3e10-b9bd-ddfa99369654&params=item:office$ExtUser-b56a427e-c251-3e10-b9bd-ddfa99369654','b56a427e-c251-3e10-b9bd-ddfa99369654',NULL)
COMMIT
INSERT INTO SEC_SCREEN_HISTORY VALUES('06555167-4316-b808-1c13-e8f4f3db85fb','2017-12-06 16:15:10.872000','admin','60885987-1b61-4247-94c7-dff348347f93','Screen','http://localhost:8080/app/open?screen=sec$User.edit&item=office$ExtUser-60885987-1b61-4247-94c7-dff348347f93&params=item:office$ExtUser-60885987-1b61-4247-94c7-dff348347f93','60885987-1b61-4247-94c7-dff348347f93',NULL)
COMMIT
INSERT INTO SEC_SCREEN_HISTORY VALUES('dd1480c0-1e85-2264-1c0d-4d64dc9893ec','2017-12-06 16:15:26.121000','admin','60885987-1b61-4247-94c7-dff348347f93','Screen','http://localhost:8080/app/open?screen=sec$User.edit&item=office$ExtUser-53f7c042-3454-ec66-f3f5-8482ccf79552&params=item:office$ExtUser-53f7c042-3454-ec66-f3f5-8482ccf79552','53f7c042-3454-ec66-f3f5-8482ccf79552',NULL)
COMMIT
DELETE FROM SEC_USER_SETTING WHERE ID='a2ffbb05-4cea-4b40-89c2-7812355b54c7'
INSERT INTO SEC_USER_SETTING VALUES('a2ffbb05-4cea-4b40-89c2-7812355b54c7',NULL,NULL,'60885987-1b61-4247-94c7-dff348347f93','W','office$ExtUser.applicants-browse','<?xml version="1.0" encoding="UTF-8"?>\u000a\u000a<settings> \u000a  <components> \u000a    <component name="filter"> \u000a      <defaultFilter/>  \u000a      <groupBoxExpanded>true</groupBoxExpanded> \u000a    </component>  \u000a    <component name="extUsersTable"> \u000a      <columns>\u000a        <columns id="login" visible="true"/>\u000a        <columns id="name" visible="true"/>\u000a        <columns id="firstName" visible="true"/>\u000a        <columns id="lastName" visible="true"/>\u000a        <columns id="middleName" visible="true"/>\u000a        <columns id="position" visible="true"/>\u000a        <columns id="email" visible="true"/>\u000a        <columns id="language" visible="true"/>\u000a        <columns id="timeZone" visible="true"/>\u000a        <columns id="timeZoneAuto" visible="true"/>\u000a        <columns id="active" visible="true"/>\u000a        <columns id="changePasswordAtNextLogon" visible="true"/>\u000a        <columns id="group" visible="true"/>\u000a        <columns id="requestPosition" visible="true"/>\u000a        <columns id="request" visible="true"/>\u000a      </columns>\u000a      <groupProperties/>\u000a    </component> \u000a  </components> \u000a</settings>\u000a')
COMMIT
DELETE FROM SYS_SERVER WHERE ID='dc78cb11-2539-7525-ba78-d5b17b471bcf'
INSERT INTO SYS_SERVER VALUES('dc78cb11-2539-7525-ba78-d5b17b471bcf','2017-12-06 10:46:35.666000',NULL,'2017-12-06 16:16:03.280000',NULL,'localhost:8080/app-core',TRUE,NULL)
COMMIT
DELETE FROM SEC_USER_SETTING WHERE ID='b8ad6ad5-3d18-5428-fa69-637a78a961d6'
INSERT INTO SEC_USER_SETTING VALUES('b8ad6ad5-3d18-5428-fa69-637a78a961d6',NULL,NULL,'60885987-1b61-4247-94c7-dff348347f93','W','office$ExtUser.workers-browse','<?xml version="1.0" encoding="UTF-8"?>\u000a\u000a<settings> \u000a  <components> \u000a    <component name="filter"> \u000a      <defaultFilter/>  \u000a      <groupBoxExpanded>true</groupBoxExpanded> \u000a    </component>  \u000a    <component name="extUsersTable"> \u000a      <columns>\u000a        <columns id="login" visible="true"/>\u000a        <columns id="name" visible="true"/>\u000a        <columns id="firstName" visible="true"/>\u000a        <columns id="lastName" visible="true"/>\u000a        <columns id="middleName" visible="true"/>\u000a        <columns id="position" visible="true"/>\u000a        <columns id="email" visible="true"/>\u000a        <columns id="language" visible="true"/>\u000a        <columns id="timeZone" visible="true"/>\u000a        <columns id="timeZoneAuto" visible="true"/>\u000a        <columns id="active" visible="true"/>\u000a        <columns id="changePasswordAtNextLogon" visible="true"/>\u000a        <columns id="group" visible="true"/>\u000a        <columns id="requestCount" visible="true"/>\u000a        <columns id="requestThreshold" visible="true"/>\u000a      </columns>\u000a      <groupProperties/>\u000a    </component> \u000a  </components> \u000a</settings>\u000a')
COMMIT
DELETE FROM SYS_SERVER WHERE ID='dc78cb11-2539-7525-ba78-d5b17b471bcf'
INSERT INTO SYS_SERVER VALUES('dc78cb11-2539-7525-ba78-d5b17b471bcf','2017-12-06 10:46:35.666000',NULL,'2017-12-06 16:17:03.281000',NULL,'localhost:8080/app-core',TRUE,NULL)
COMMIT
DELETE FROM SYS_SERVER WHERE ID='dc78cb11-2539-7525-ba78-d5b17b471bcf'
INSERT INTO SYS_SERVER VALUES('dc78cb11-2539-7525-ba78-d5b17b471bcf','2017-12-06 10:46:35.666000',NULL,'2017-12-06 16:18:03.281000',NULL,'localhost:8080/app-core',TRUE,NULL)
COMMIT
DELETE FROM SYS_SERVER WHERE ID='dc78cb11-2539-7525-ba78-d5b17b471bcf'
INSERT INTO SYS_SERVER VALUES('dc78cb11-2539-7525-ba78-d5b17b471bcf','2017-12-06 10:46:35.666000',NULL,'2017-12-06 16:19:03.281000',NULL,'localhost:8080/app-core',TRUE,NULL)
COMMIT
DELETE FROM SYS_SERVER WHERE ID='dc78cb11-2539-7525-ba78-d5b17b471bcf'
INSERT INTO SYS_SERVER VALUES('dc78cb11-2539-7525-ba78-d5b17b471bcf','2017-12-06 10:46:35.666000',NULL,'2017-12-06 16:20:03.282000',NULL,'localhost:8080/app-core',TRUE,NULL)
COMMIT
DELETE FROM SYS_SERVER WHERE ID='dc78cb11-2539-7525-ba78-d5b17b471bcf'
INSERT INTO SYS_SERVER VALUES('dc78cb11-2539-7525-ba78-d5b17b471bcf','2017-12-06 10:46:35.666000',NULL,'2017-12-06 16:21:03.282000',NULL,'localhost:8080/app-core',TRUE,NULL)
COMMIT
